<?xml version="1.0" encoding="UTF-8"?>
<!-- Generated by org.testng.reporters.JUnitReportReporter -->
<testsuite hostname="DESKTOP-RSNG7DD" failures="0" tests="1" name="com.saucedemo.test.LoginPageTest" time="14.854" errors="0" timestamp="2023-08-13T17:42:30 IST" skipped="0">
  <testcase classname="com.saucedemo.test.LoginPageTest" name="validateUnAndPas" time="14.854"/>
  <system-out/>
</testsuite> <!-- com.saucedemo.test.LoginPageTest -->
