<?xml version="1.0" encoding="UTF-8"?>
<!-- Generated by org.testng.reporters.JUnitReportReporter -->
<testsuite hostname="DESKTOP-RSNG7DD" failures="0" tests="1" name="com.saucedemo.test.LoginPageTest" time="6.219" errors="0" timestamp="2023-08-01T09:24:24 IST" skipped="0">
  <testcase classname="com.saucedemo.test.LoginPageTest" name="validateUnAndPas" time="6.219"/>
  <system-out/>
</testsuite> <!-- com.saucedemo.test.LoginPageTest -->
